<?xml version="1.0" encoding="UTF-8"?>
<testng-results skipped="0" failed="0" ignored="0" total="1" passed="1">
  <reporter-output>
  </reporter-output>
  <suite name="Default suite" duration-ms="65008" started-at="2019-12-13T13:42:41Z" finished-at="2019-12-13T13:43:46Z">
    <groups>
    </groups>
    <test name="Default test" duration-ms="65008" started-at="2019-12-13T13:42:41Z" finished-at="2019-12-13T13:43:46Z">
      <class name="test.storeLocatoreTest">
        <test-method status="PASS" signature="getdriver()[pri:0, instance:test.storeLocatoreTest@6ddf90b0]" name="getdriver" is-config="true" duration-ms="34679" started-at="2019-12-13T19:12:41Z" finished-at="2019-12-13T19:13:15Z">
          <reporter-output>
          </reporter-output>
        </test-method> <!-- getdriver -->
        <test-method status="PASS" signature="GoToStoreLocatorte()[pri:0, instance:test.storeLocatoreTest@6ddf90b0]" name="GoToStoreLocatorte" duration-ms="29350" started-at="2019-12-13T19:13:15Z" description="Go to Store Locatore" finished-at="2019-12-13T19:13:45Z">
          <reporter-output>
          </reporter-output>
        </test-method> <!-- GoToStoreLocatorte -->
        <test-method status="PASS" signature="tearDown()[pri:0, instance:test.storeLocatoreTest@6ddf90b0]" name="tearDown" is-config="true" duration-ms="959" started-at="2019-12-13T19:13:45Z" finished-at="2019-12-13T19:13:46Z">
          <reporter-output>
          </reporter-output>
        </test-method> <!-- tearDown -->
      </class> <!-- test.storeLocatoreTest -->
    </test> <!-- Default test -->
  </suite> <!-- Default suite -->
</testng-results>
